2023-05-03 14:59:40,602 INFO: 
                ____                _       _____  ____
               / __ ) ____ _ _____ (_)_____/ ___/ / __ \
              / __  |/ __ `// ___// // ___/\__ \ / /_/ /
             / /_/ // /_/ /(__  )/ // /__ ___/ // _, _/
            /_____/ \__,_//____//_/ \___//____//_/ |_|
     ______                   __   __                 __      __
    / ____/____   ____   ____/ /  / /   __  __ _____ / /__   / /
   / / __ / __ \ / __ \ / __  /  / /   / / / // ___// //_/  / /
  / /_/ // /_/ // /_/ // /_/ /  / /___/ /_/ // /__ / /<    /_/
  \____/ \____/ \____/ \____/  /_____/\____/ \___//_/|_|  (_)
    
Version Information: 
	BasicSR: 1.4.2
	PyTorch: 1.13.0+cu117
	TorchVision: 0.14.0+cpu
2023-05-03 14:59:40,603 INFO: 
  name: 1xunvideoAnimeCompact
  model_type: RealESRGANModel
  scale: 1
  num_gpu: 1
  manual_seed: 0
  l1_gt_usm: False
  percep_gt_usm: False
  gan_gt_usm: False
  high_order_degradation: False
  datasets:[
    train:[
      name: HFA2k
      type: PairedImageDataset
      dataroot_gt: inputs/HFA2k
      dataroot_lq: inputs/HFA2k_video
      io_backend:[
        type: disk
      ]
      gt_size: 128
      use_hflip: True
      use_rot: True
      use_shuffle: True
      num_worker_per_gpu: 2
      batch_size_per_gpu: 5
      dataset_enlarge_ratio: 1
      prefetch_mode: None
      phase: train
      scale: 1
    ]
  ]
  network_g:[
    type: SRVGGNetCompact
    num_in_ch: 3
    num_out_ch: 3
    num_feat: 64
    num_conv: 16
    upscale: 1
    act_type: prelu
  ]
  network_d:[
    type: UNetDiscriminatorSN
    num_in_ch: 3
    num_feat: 64
    skip_connection: True
  ]
  path:[
    pretrain_network_g: None
    param_key_g: params_ema
    strict_load_g: True
    pretrain_network_d: None
    param_key_d: params
    strict_load_d: True
    resume_state: None
    experiments_root: D:\Real-ESRGAN-master\Real-ESRGAN-master\experiments\1xunvideoAnimeCompact
    models: D:\Real-ESRGAN-master\Real-ESRGAN-master\experiments\1xunvideoAnimeCompact\models
    training_states: D:\Real-ESRGAN-master\Real-ESRGAN-master\experiments\1xunvideoAnimeCompact\training_states
    log: D:\Real-ESRGAN-master\Real-ESRGAN-master\experiments\1xunvideoAnimeCompact
    visualization: D:\Real-ESRGAN-master\Real-ESRGAN-master\experiments\1xunvideoAnimeCompact\visualization
  ]
  train:[
    ema_decay: 0.999
    optim_g:[
      type: Adam
      lr: 0.0001
      weight_decay: 0
      betas: [0.9, 0.99]
    ]
    optim_d:[
      type: Adam
      lr: 0.0001
      weight_decay: 0
      betas: [0.9, 0.99]
    ]
    scheduler:[
      type: MultiStepLR
      milestones: [100000]
      gamma: 0.5
    ]
    total_iter: 100000
    warmup_iter: -1
    pixel_opt:[
      type: L1Loss
      loss_weight: 1.0
      reduction: mean
    ]
    perceptual_opt:[
      type: PerceptualLoss
      layer_weights:[
        conv1_2: 0.1
        conv2_2: 0.1
        conv3_4: 1
        conv4_4: 1
        conv5_4: 1
      ]
      vgg_type: vgg19
      use_input_norm: True
      perceptual_weight: 0.1
      style_weight: 0
      range_norm: False
      criterion: l1
    ]
    gan_opt:[
      type: GANLoss
      gan_type: vanilla
      real_label_val: 1.0
      fake_label_val: 0.0
      loss_weight: 0.1
    ]
    contextual_opt:[
      type: ContextualLoss
      layer_weights:[
        conv_3_2: 0.15
        conv_4_2: 0.15
      ]
      max_1d_size: 64
      distance_type: cosine
      calc_type: regular
      z_norm: False
      crop_quarter: False
      b: 1.0
      band_width: 0.5
      use_vgg: True
      net: vgg19
    ]
    color_opt:[
      type: ColorLoss
      criterion: l1
      loss_weight: 1.0
    ]
    net_d_iters: 1
    net_d_init_iters: 0
  ]
  logger:[
    print_freq: 100
    save_checkpoint_freq: 1000
    use_tb_logger: True
    wandb:[
      project: None
      resume_id: None
    ]
  ]
  dist_params:[
    backend: nccl
    port: 29500
  ]
  dist: False
  rank: 0
  world_size: 1
  auto_resume: True
  is_train: True
  root_path: D:\Real-ESRGAN-master\Real-ESRGAN-master

2023-05-03 14:59:40,916 INFO: Dataset [PairedImageDataset] - HFA2k is built.
2023-05-03 14:59:40,917 INFO: Training statistics:
	Number of train images: 2568
	Dataset enlarge ratio: 1
	Batch size per gpu: 5
	World size (gpu number): 1
	Require iter number per epoch: 514
	Total epochs: 195; iters: 100000.
2023-05-03 14:59:40,923 INFO: Network [SRVGGNetCompact] is created.
2023-05-03 14:59:41,038 INFO: Network: SRVGGNetCompact, with parameters: 595,459
2023-05-03 14:59:41,038 INFO: SRVGGNetCompact(
  (body): ModuleList(
    (0): Conv2d(3, 64, kernel_size=(3, 3), stride=(1, 1), padding=(1, 1))
    (1): PReLU(num_parameters=64)
    (2): Conv2d(64, 64, kernel_size=(3, 3), stride=(1, 1), padding=(1, 1))
    (3): PReLU(num_parameters=64)
    (4): Conv2d(64, 64, kernel_size=(3, 3), stride=(1, 1), padding=(1, 1))
    (5): PReLU(num_parameters=64)
    (6): Conv2d(64, 64, kernel_size=(3, 3), stride=(1, 1), padding=(1, 1))
    (7): PReLU(num_parameters=64)
    (8): Conv2d(64, 64, kernel_size=(3, 3), stride=(1, 1), padding=(1, 1))
    (9): PReLU(num_parameters=64)
    (10): Conv2d(64, 64, kernel_size=(3, 3), stride=(1, 1), padding=(1, 1))
    (11): PReLU(num_parameters=64)
    (12): Conv2d(64, 64, kernel_size=(3, 3), stride=(1, 1), padding=(1, 1))
    (13): PReLU(num_parameters=64)
    (14): Conv2d(64, 64, kernel_size=(3, 3), stride=(1, 1), padding=(1, 1))
    (15): PReLU(num_parameters=64)
    (16): Conv2d(64, 64, kernel_size=(3, 3), stride=(1, 1), padding=(1, 1))
    (17): PReLU(num_parameters=64)
    (18): Conv2d(64, 64, kernel_size=(3, 3), stride=(1, 1), padding=(1, 1))
    (19): PReLU(num_parameters=64)
    (20): Conv2d(64, 64, kernel_size=(3, 3), stride=(1, 1), padding=(1, 1))
    (21): PReLU(num_parameters=64)
    (22): Conv2d(64, 64, kernel_size=(3, 3), stride=(1, 1), padding=(1, 1))
    (23): PReLU(num_parameters=64)
    (24): Conv2d(64, 64, kernel_size=(3, 3), stride=(1, 1), padding=(1, 1))
    (25): PReLU(num_parameters=64)
    (26): Conv2d(64, 64, kernel_size=(3, 3), stride=(1, 1), padding=(1, 1))
    (27): PReLU(num_parameters=64)
    (28): Conv2d(64, 64, kernel_size=(3, 3), stride=(1, 1), padding=(1, 1))
    (29): PReLU(num_parameters=64)
    (30): Conv2d(64, 64, kernel_size=(3, 3), stride=(1, 1), padding=(1, 1))
    (31): PReLU(num_parameters=64)
    (32): Conv2d(64, 64, kernel_size=(3, 3), stride=(1, 1), padding=(1, 1))
    (33): PReLU(num_parameters=64)
    (34): Conv2d(64, 3, kernel_size=(3, 3), stride=(1, 1), padding=(1, 1))
  )
  (upsampler): PixelShuffle(upscale_factor=1)
)
2023-05-03 14:59:41,039 INFO: Use Exponential Moving Average with decay: 0.999
2023-05-03 14:59:41,044 INFO: Network [SRVGGNetCompact] is created.
2023-05-03 14:59:42,415 INFO: Network [UNetDiscriminatorSN] is created.
2023-05-03 14:59:42,422 INFO: Network: UNetDiscriminatorSN, with parameters: 4,376,897
2023-05-03 14:59:42,422 INFO: UNetDiscriminatorSN(
  (conv0): Conv2d(3, 64, kernel_size=(3, 3), stride=(1, 1), padding=(1, 1))
  (conv1): Conv2d(64, 128, kernel_size=(4, 4), stride=(2, 2), padding=(1, 1), bias=False)
  (conv2): Conv2d(128, 256, kernel_size=(4, 4), stride=(2, 2), padding=(1, 1), bias=False)
  (conv3): Conv2d(256, 512, kernel_size=(4, 4), stride=(2, 2), padding=(1, 1), bias=False)
  (conv4): Conv2d(512, 256, kernel_size=(3, 3), stride=(1, 1), padding=(1, 1), bias=False)
  (conv5): Conv2d(256, 128, kernel_size=(3, 3), stride=(1, 1), padding=(1, 1), bias=False)
  (conv6): Conv2d(128, 64, kernel_size=(3, 3), stride=(1, 1), padding=(1, 1), bias=False)
  (conv7): Conv2d(64, 64, kernel_size=(3, 3), stride=(1, 1), padding=(1, 1), bias=False)
  (conv8): Conv2d(64, 64, kernel_size=(3, 3), stride=(1, 1), padding=(1, 1), bias=False)
  (conv9): Conv2d(64, 1, kernel_size=(3, 3), stride=(1, 1), padding=(1, 1))
)
2023-05-03 14:59:42,422 INFO: Loss [L1Loss] is created.
2023-05-03 14:59:43,546 INFO: Loss [PerceptualLoss] is created.
2023-05-03 14:59:43,579 INFO: Loss [GANLoss] is created.
2023-05-03 14:59:43,599 INFO: Model [RealESRGANModel] is created.
2023-05-03 14:59:48,328 INFO: Start training from epoch: 0, iter: 0
2023-05-03 15:00:40,251 INFO: [1xunv..][epoch:  0, iter:     100, lr:(1.000e-04,)] [eta: 11:40:49, time (data): 0.519 (0.051)] l_g_pix: 2.4372e-02 l_g_percep: 8.1673e-01 l_g_gan: 6.9884e-02 l_d_real: 6.9683e-01 out_d_real: -7.0973e-03 l_d_fake: 6.8772e-01 out_d_fake: -1.1119e-02 
2023-05-03 15:01:24,393 INFO: [1xunv..][epoch:  0, iter:     200, lr:(1.000e-04,)] [eta: 11:57:04, time (data): 0.480 (0.026)] l_g_pix: 1.5067e-02 l_g_percep: 5.6689e-01 l_g_gan: 6.7838e-02 l_d_real: 6.7802e-01 out_d_real: 3.1141e-02 l_d_fake: 7.0878e-01 out_d_fake: 3.0385e-02 
2023-05-03 15:02:08,738 INFO: [1xunv..][epoch:  0, iter:     300, lr:(1.000e-04,)] [eta: 12:03:10, time (data): 0.443 (0.001)] l_g_pix: 1.3991e-02 l_g_percep: 6.7889e-01 l_g_gan: 6.9760e-02 l_d_real: 6.9567e-01 out_d_real: -4.5621e-03 l_d_fake: 6.8914e-01 out_d_fake: -8.4647e-03 
2023-05-03 15:02:53,639 INFO: [1xunv..][epoch:  0, iter:     400, lr:(1.000e-04,)] [eta: 12:08:09, time (data): 0.446 (0.001)] l_g_pix: 1.5045e-02 l_g_percep: 6.3696e-01 l_g_gan: 6.9828e-02 l_d_real: 6.9269e-01 out_d_real: 7.3751e-03 l_d_fake: 6.9458e-01 out_d_fake: -3.6996e-03 
2023-05-03 15:03:39,128 INFO: [1xunv..][epoch:  0, iter:     500, lr:(1.000e-04,)] [eta: 12:12:48, time (data): 0.455 (0.001)] l_g_pix: 1.4528e-02 l_g_percep: 7.0806e-01 l_g_gan: 6.5177e-02 l_d_real: 6.3344e-01 out_d_real: 1.4429e-01 l_d_fake: 7.5593e-01 out_d_fake: 1.0415e-01 
2023-05-03 15:04:32,024 INFO: [1xunv..][epoch:  1, iter:     600, lr:(1.000e-04,)] [eta: 12:36:03, time (data): 0.492 (0.042)] l_g_pix: 1.5135e-02 l_g_percep: 6.2813e-01 l_g_gan: 7.2511e-02 l_d_real: 7.1749e-01 out_d_real: -4.4130e-02 l_d_fake: 6.6585e-01 out_d_fake: -5.9260e-02 
2023-05-03 15:05:17,847 INFO: [1xunv..][epoch:  1, iter:     700, lr:(1.000e-04,)] [eta: 12:35:44, time (data): 0.458 (0.001)] l_g_pix: 1.9163e-02 l_g_percep: 6.8580e-01 l_g_gan: 6.9158e-02 l_d_real: 6.7205e-01 out_d_real: 4.4530e-02 l_d_fake: 6.9579e-01 out_d_fake: 4.2073e-03 
2023-05-03 15:06:03,952 INFO: [1xunv..][epoch:  1, iter:     800, lr:(1.000e-04,)] [eta: 12:35:53, time (data): 0.460 (0.001)] l_g_pix: 2.0214e-02 l_g_percep: 6.5628e-01 l_g_gan: 6.4537e-02 l_d_real: 6.0503e-01 out_d_real: 2.2457e-01 l_d_fake: 7.7318e-01 out_d_fake: 1.2780e-01 
2023-05-03 15:06:50,311 INFO: [1xunv..][epoch:  1, iter:     900, lr:(1.000e-04,)] [eta: 12:36:17, time (data): 0.464 (0.001)] l_g_pix: 1.4465e-02 l_g_percep: 6.1256e-01 l_g_gan: 7.4472e-02 l_d_real: 7.1392e-01 out_d_real: -2.1092e-02 l_d_fake: 6.5975e-01 out_d_fake: -8.4951e-02 
2023-05-03 15:07:36,667 INFO: [1xunv..][epoch:  1, iter:   1,000, lr:(1.000e-04,)] [eta: 12:36:28, time (data): 0.464 (0.001)] l_g_pix: 1.8620e-02 l_g_percep: 7.6278e-01 l_g_gan: 7.8302e-02 l_d_real: 6.9342e-01 out_d_real: 1.1384e-02 l_d_fake: 6.1663e-01 out_d_fake: -1.6638e-01 
2023-05-03 15:07:36,668 INFO: Saving models and training states.
2023-05-03 15:08:31,609 INFO: [1xunv..][epoch:  2, iter:   1,100, lr:(1.000e-04,)] [eta: 12:49:19, time (data): 0.547 (0.090)] l_g_pix: 2.1505e-02 l_g_percep: 8.1073e-01 l_g_gan: 6.5775e-02 l_d_real: 5.7024e-01 out_d_real: 3.0696e-01 l_d_fake: 7.6308e-01 out_d_fake: 1.0532e-01 
2023-05-03 15:09:18,031 INFO: [1xunv..][epoch:  2, iter:   1,200, lr:(1.000e-04,)] [eta: 12:48:11, time (data): 0.504 (0.044)] l_g_pix: 2.3952e-02 l_g_percep: 7.8955e-01 l_g_gan: 8.2154e-02 l_d_real: 7.9302e-01 out_d_real: -1.6910e-01 l_d_fake: 5.9765e-01 out_d_fake: -2.2388e-01 
2023-05-03 15:10:04,400 INFO: [1xunv..][epoch:  2, iter:   1,300, lr:(1.000e-04,)] [eta: 12:47:03, time (data): 0.464 (0.001)] l_g_pix: 1.5261e-02 l_g_percep: 5.5120e-01 l_g_gan: 5.5125e-02 l_d_real: 5.3177e-01 out_d_real: 3.9711e-01 l_d_fake: 8.9789e-01 out_d_fake: 3.4659e-01 
2023-05-03 15:10:50,853 INFO: [1xunv..][epoch:  2, iter:   1,400, lr:(1.000e-04,)] [eta: 12:46:04, time (data): 0.464 (0.001)] l_g_pix: 1.7323e-02 l_g_percep: 7.5027e-01 l_g_gan: 6.1550e-02 l_d_real: 5.9717e-01 out_d_real: 2.2296e-01 l_d_fake: 7.9280e-01 out_d_fake: 1.7725e-01 
2023-05-03 15:11:37,199 INFO: [1xunv..][epoch:  2, iter:   1,500, lr:(1.000e-04,)] [eta: 12:45:00, time (data): 0.463 (0.001)] l_g_pix: 1.5084e-02 l_g_percep: 5.4999e-01 l_g_gan: 7.8649e-02 l_d_real: 7.8092e-01 out_d_real: -1.3810e-01 l_d_fake: 6.3884e-01 out_d_fake: -1.4762e-01 
2023-05-03 15:12:31,151 INFO: [1xunv..][epoch:  3, iter:   1,600, lr:(1.000e-04,)] [eta: 12:51:45, time (data): 0.503 (0.041)] l_g_pix: 1.3252e-02 l_g_percep: 5.8462e-01 l_g_gan: 7.8904e-02 l_d_real: 7.0789e-01 out_d_real: -1.2275e-02 l_d_fake: 6.1349e-01 out_d_fake: -1.7557e-01 
2023-05-03 15:13:17,561 INFO: [1xunv..][epoch:  3, iter:   1,700, lr:(1.000e-04,)] [eta: 12:50:20, time (data): 0.464 (0.001)] l_g_pix: 1.5799e-02 l_g_percep: 6.1202e-01 l_g_gan: 7.5326e-02 l_d_real: 6.4816e-01 out_d_real: 1.6185e-01 l_d_fake: 6.6208e-01 out_d_fake: -9.1281e-02 
2023-05-03 15:14:03,993 INFO: [1xunv..][epoch:  3, iter:   1,800, lr:(1.000e-04,)] [eta: 12:49:01, time (data): 0.464 (0.001)] l_g_pix: 2.2746e-02 l_g_percep: 7.6737e-01 l_g_gan: 6.1062e-02 l_d_real: 5.0370e-01 out_d_real: 4.8598e-01 l_d_fake: 8.2476e-01 out_d_fake: 2.1404e-01 
2023-05-03 15:14:50,479 INFO: [1xunv..][epoch:  3, iter:   1,900, lr:(1.000e-04,)] [eta: 12:47:48, time (data): 0.465 (0.001)] l_g_pix: 2.1572e-02 l_g_percep: 8.1550e-01 l_g_gan: 8.2342e-02 l_d_real: 7.6500e-01 out_d_real: -9.9009e-02 l_d_fake: 6.0211e-01 out_d_fake: -2.2130e-01 
2023-05-03 15:15:36,818 INFO: [1xunv..][epoch:  3, iter:   2,000, lr:(1.000e-04,)] [eta: 12:46:31, time (data): 0.464 (0.001)] l_g_pix: 2.0371e-02 l_g_percep: 8.5817e-01 l_g_gan: 7.7483e-02 l_d_real: 6.7325e-01 out_d_real: 6.3751e-02 l_d_fake: 6.3851e-01 out_d_fake: -1.3644e-01 
2023-05-03 15:15:36,819 INFO: Saving models and training states.
2023-05-03 15:16:32,643 INFO: [1xunv..][epoch:  4, iter:   2,100, lr:(1.000e-04,)] [eta: 12:52:38, time (data): 0.547 (0.086)] l_g_pix: 1.4818e-02 l_g_percep: 6.3467e-01 l_g_gan: 8.5690e-02 l_d_real: 8.3366e-01 out_d_real: -2.4482e-01 l_d_fake: 5.6670e-01 out_d_fake: -2.9017e-01 
2023-05-03 15:17:19,052 INFO: [1xunv..][epoch:  4, iter:   2,200, lr:(1.000e-04,)] [eta: 12:51:09, time (data): 0.503 (0.041)] l_g_pix: 1.8142e-02 l_g_percep: 7.2115e-01 l_g_gan: 6.7139e-02 l_d_real: 6.0795e-01 out_d_real: 2.2722e-01 l_d_fake: 7.5930e-01 out_d_fake: 8.7882e-02 
2023-05-03 15:18:05,417 INFO: [1xunv..][epoch:  4, iter:   2,300, lr:(1.000e-04,)] [eta: 12:49:42, time (data): 0.464 (0.001)] l_g_pix: 2.6421e-02 l_g_percep: 8.0978e-01 l_g_gan: 6.7926e-02 l_d_real: 6.6459e-01 out_d_real: 7.0176e-02 l_d_fake: 7.2199e-01 out_d_fake: 4.2711e-02 
2023-05-03 15:18:51,786 INFO: [1xunv..][epoch:  4, iter:   2,400, lr:(1.000e-04,)] [eta: 12:48:18, time (data): 0.464 (0.001)] l_g_pix: 1.7807e-02 l_g_percep: 6.1379e-01 l_g_gan: 7.7299e-02 l_d_real: 7.2035e-01 out_d_real: 8.7909e-03 l_d_fake: 6.6906e-01 out_d_fake: -1.0393e-01 
2023-05-03 15:19:38,254 INFO: [1xunv..][epoch:  4, iter:   2,500, lr:(1.000e-04,)] [eta: 12:47:01, time (data): 0.465 (0.001)] l_g_pix: 2.1328e-02 l_g_percep: 7.8826e-01 l_g_gan: 7.8673e-02 l_d_real: 6.5121e-01 out_d_real: 1.2463e-01 l_d_fake: 6.2219e-01 out_d_fake: -1.6456e-01 
2023-05-03 15:20:32,157 INFO: [1xunv..][epoch:  5, iter:   2,600, lr:(1.000e-04,)] [eta: 12:50:24, time (data): 0.504 (0.041)] l_g_pix: 2.2176e-02 l_g_percep: 7.3489e-01 l_g_gan: 8.3503e-02 l_d_real: 7.9090e-01 out_d_real: -1.6832e-01 l_d_fake: 5.7760e-01 out_d_fake: -2.5740e-01 
2023-05-03 15:21:18,504 INFO: [1xunv..][epoch:  5, iter:   2,700, lr:(1.000e-04,)] [eta: 12:48:57, time (data): 0.463 (0.001)] l_g_pix: 1.5727e-02 l_g_percep: 7.2232e-01 l_g_gan: 8.7783e-02 l_d_real: 7.5452e-01 out_d_real: -8.7942e-02 l_d_fake: 5.4476e-01 out_d_fake: -3.3307e-01 
2023-05-03 15:22:04,812 INFO: [1xunv..][epoch:  5, iter:   2,800, lr:(1.000e-04,)] [eta: 12:47:31, time (data): 0.463 (0.001)] l_g_pix: 1.7250e-02 l_g_percep: 6.1378e-01 l_g_gan: 7.7528e-02 l_d_real: 7.1387e-01 out_d_real: 5.9510e-03 l_d_fake: 6.5428e-01 out_d_fake: -1.2103e-01 
2023-05-03 15:23:50,544 INFO: [1xunv..][epoch:  5, iter:   2,900, lr:(1.000e-04,)] [eta: 13:19:17, time (data): 1.154 (0.002)] l_g_pix: 1.7030e-02 l_g_percep: 6.8949e-01 l_g_gan: 7.2436e-02 l_d_real: 7.0621e-01 out_d_real: -2.4623e-04 l_d_fake: 6.8645e-01 out_d_fake: -3.7906e-02 
2023-05-03 15:26:11,161 INFO: [1xunv..][epoch:  5, iter:   3,000, lr:(1.000e-04,)] [eta: 14:07:36, time (data): 1.290 (0.002)] l_g_pix: 1.8767e-02 l_g_percep: 6.7156e-01 l_g_gan: 8.1675e-02 l_d_real: 7.5145e-01 out_d_real: -1.0019e-01 l_d_fake: 5.9320e-01 out_d_fake: -2.2355e-01 
2023-05-03 15:26:11,162 INFO: Saving models and training states.
2023-05-03 15:28:58,127 INFO: [1xunv..][epoch:  6, iter:   3,100, lr:(1.000e-04,)] [eta: 15:06:23, time (data): 1.691 (0.286)] l_g_pix: 2.2359e-02 l_g_percep: 7.8115e-01 l_g_gan: 6.0309e-02 l_d_real: 5.5829e-01 out_d_real: 3.2278e-01 l_d_fake: 8.1350e-01 out_d_fake: 2.1034e-01 
2023-05-03 15:31:18,738 INFO: [1xunv..][epoch:  6, iter:   3,200, lr:(1.000e-04,)] [eta: 15:48:01, time (data): 1.537 (0.133)] l_g_pix: 1.6419e-02 l_g_percep: 7.4240e-01 l_g_gan: 7.5724e-02 l_d_real: 6.4728e-01 out_d_real: 1.5893e-01 l_d_fake: 6.4275e-01 out_d_fake: -1.1450e-01 
2023-05-03 15:33:39,389 INFO: [1xunv..][epoch:  6, iter:   3,300, lr:(1.000e-04,)] [eta: 16:27:01, time (data): 1.407 (0.002)] l_g_pix: 1.6608e-02 l_g_percep: 6.7983e-01 l_g_gan: 7.5013e-02 l_d_real: 5.4894e-01 out_d_real: 4.2792e-01 l_d_fake: 7.4113e-01 out_d_fake: -8.9678e-03 
2023-05-03 15:35:59,985 INFO: [1xunv..][epoch:  6, iter:   3,400, lr:(1.000e-04,)] [eta: 17:03:34, time (data): 1.406 (0.002)] l_g_pix: 1.8705e-02 l_g_percep: 6.6436e-01 l_g_gan: 6.9325e-02 l_d_real: 5.9499e-01 out_d_real: 2.7593e-01 l_d_fake: 7.4084e-01 out_d_fake: 4.7541e-02 
2023-05-03 15:38:20,584 INFO: [1xunv..][epoch:  6, iter:   3,500, lr:(1.000e-04,)] [eta: 17:37:53, time (data): 1.406 (0.002)] l_g_pix: 1.9969e-02 l_g_percep: 6.7406e-01 l_g_gan: 6.0154e-02 l_d_real: 5.1595e-01 out_d_real: 4.6404e-01 l_d_fake: 8.6983e-01 out_d_fake: 2.6824e-01 
2023-05-03 15:41:05,080 INFO: [1xunv..][epoch:  7, iter:   3,600, lr:(1.000e-04,)] [eta: 18:20:50, time (data): 1.536 (0.132)] l_g_pix: 1.1702e-02 l_g_percep: 4.8579e-01 l_g_gan: 7.5151e-02 l_d_real: 6.9767e-01 out_d_real: 6.0597e-02 l_d_fake: 6.9147e-01 out_d_fake: -6.0042e-02 
2023-05-03 15:43:25,695 INFO: [1xunv..][epoch:  7, iter:   3,700, lr:(1.000e-04,)] [eta: 18:50:58, time (data): 1.406 (0.002)] l_g_pix: 2.1182e-02 l_g_percep: 8.4453e-01 l_g_gan: 7.5655e-02 l_d_real: 5.7659e-01 out_d_real: 3.0185e-01 l_d_fake: 6.5126e-01 out_d_fake: -1.0530e-01 
2023-05-03 15:45:46,246 INFO: [1xunv..][epoch:  7, iter:   3,800, lr:(1.000e-04,)] [eta: 19:19:21, time (data): 1.406 (0.002)] l_g_pix: 2.4904e-02 l_g_percep: 9.5581e-01 l_g_gan: 8.8397e-02 l_d_real: 7.3334e-01 out_d_real: -1.0354e-02 l_d_fake: 5.4221e-01 out_d_fake: -3.4175e-01 
2023-05-03 15:48:06,845 INFO: [1xunv..][epoch:  7, iter:   3,900, lr:(1.000e-04,)] [eta: 19:46:11, time (data): 1.406 (0.002)] l_g_pix: 2.1249e-02 l_g_percep: 6.9103e-01 l_g_gan: 7.5540e-02 l_d_real: 6.8468e-01 out_d_real: 4.8975e-02 l_d_fake: 6.5555e-01 out_d_fake: -9.9856e-02 
2023-05-03 15:50:27,441 INFO: [1xunv..][epoch:  7, iter:   4,000, lr:(1.000e-04,)] [eta: 20:11:33, time (data): 1.406 (0.002)] l_g_pix: 1.9433e-02 l_g_percep: 7.0351e-01 l_g_gan: 7.8711e-02 l_d_real: 6.5324e-01 out_d_real: 1.2838e-01 l_d_fake: 6.2610e-01 out_d_fake: -1.6110e-01 
2023-05-03 15:50:27,442 INFO: Saving models and training states.
2023-05-03 15:52:48,383 INFO: [1xunv..][epoch:  7, iter:   4,100, lr:(1.000e-04,)] [eta: 20:35:43, time (data): 1.406 (0.002)] l_g_pix: 1.6258e-02 l_g_percep: 7.0780e-01 l_g_gan: 7.9197e-02 l_d_real: 5.6728e-01 out_d_real: 3.6997e-01 l_d_fake: 6.3423e-01 out_d_fake: -1.5779e-01 
2023-05-03 15:55:33,405 INFO: [1xunv..][epoch:  8, iter:   4,200, lr:(1.000e-04,)] [eta: 21:07:46, time (data): 1.542 (0.137)] l_g_pix: 1.9121e-02 l_g_percep: 7.5235e-01 l_g_gan: 8.4687e-02 l_d_real: 7.2926e-01 out_d_real: -3.5295e-02 l_d_fake: 5.8330e-01 out_d_fake: -2.6357e-01 
2023-05-03 15:57:53,996 INFO: [1xunv..][epoch:  8, iter:   4,300, lr:(1.000e-04,)] [eta: 21:29:08, time (data): 1.406 (0.002)] l_g_pix: 1.9588e-02 l_g_percep: 8.8569e-01 l_g_gan: 7.4766e-02 l_d_real: 6.5501e-01 out_d_real: 1.4217e-01 l_d_fake: 6.8844e-01 out_d_fake: -5.9285e-02 
2023-05-03 16:00:14,667 INFO: [1xunv..][epoch:  8, iter:   4,400, lr:(1.000e-04,)] [eta: 21:49:27, time (data): 1.406 (0.002)] l_g_pix: 2.4742e-02 l_g_percep: 9.7987e-01 l_g_gan: 9.7996e-02 l_d_real: 6.9523e-01 out_d_real: 5.1950e-02 l_d_fake: 4.8100e-01 out_d_fake: -4.9895e-01 
2023-05-03 16:02:35,289 INFO: [1xunv..][epoch:  8, iter:   4,500, lr:(1.000e-04,)] [eta: 22:08:44, time (data): 1.406 (0.002)] l_g_pix: 1.6642e-02 l_g_percep: 6.5727e-01 l_g_gan: 9.3809e-02 l_d_real: 7.8430e-01 out_d_real: -6.9464e-02 l_d_fake: 5.5052e-01 out_d_fake: -3.8751e-01 
2023-05-03 16:04:55,940 INFO: [1xunv..][epoch:  8, iter:   4,600, lr:(1.000e-04,)] [eta: 22:27:06, time (data): 1.406 (0.002)] l_g_pix: 2.0198e-02 l_g_percep: 7.4976e-01 l_g_gan: 8.6693e-02 l_d_real: 5.5262e-01 out_d_real: 3.6216e-01 l_d_fake: 5.9266e-01 out_d_fake: -2.7430e-01 
2023-05-03 16:07:40,708 INFO: [1xunv..][epoch:  9, iter:   4,700, lr:(1.000e-04,)] [eta: 22:52:44, time (data): 1.406 (0.002)] l_g_pix: 1.4554e-02 l_g_percep: 5.5419e-01 l_g_gan: 8.4783e-02 l_d_real: 7.2684e-01 out_d_real: -1.2396e-02 l_d_fake: 6.1415e-01 out_d_fake: -2.3372e-01 
2023-05-03 16:10:01,352 INFO: [1xunv..][epoch:  9, iter:   4,800, lr:(1.000e-04,)] [eta: 23:09:13, time (data): 1.406 (0.002)] l_g_pix: 2.3405e-02 l_g_percep: 9.2695e-01 l_g_gan: 8.0152e-02 l_d_real: 4.9749e-01 out_d_real: 5.0884e-01 l_d_fake: 6.7004e-01 out_d_fake: -1.3152e-01 
2023-05-03 16:12:21,958 INFO: [1xunv..][epoch:  9, iter:   4,900, lr:(1.000e-04,)] [eta: 23:24:55, time (data): 1.406 (0.002)] l_g_pix: 2.6195e-02 l_g_percep: 8.2928e-01 l_g_gan: 1.0174e-01 l_d_real: 5.6598e-01 out_d_real: 3.3677e-01 l_d_fake: 5.1398e-01 out_d_fake: -5.0342e-01 
2023-05-03 16:14:42,584 INFO: [1xunv..][epoch:  9, iter:   5,000, lr:(1.000e-04,)] [eta: 23:39:54, time (data): 1.406 (0.002)] l_g_pix: 2.1257e-02 l_g_percep: 7.4174e-01 l_g_gan: 8.2925e-02 l_d_real: 7.6467e-01 out_d_real: -6.1657e-02 l_d_fake: 6.2838e-01 out_d_fake: -2.0106e-01 
2023-05-03 16:14:42,585 INFO: Saving models and training states.
2023-05-03 16:17:03,585 INFO: [1xunv..][epoch:  9, iter:   5,100, lr:(1.000e-04,)] [eta: 23:54:19, time (data): 1.406 (0.002)] l_g_pix: 2.0786e-02 l_g_percep: 8.0258e-01 l_g_gan: 8.0332e-02 l_d_real: 5.7988e-01 out_d_real: 3.0764e-01 l_d_fake: 6.9654e-01 out_d_fake: -1.0681e-01 
2023-05-03 16:19:48,286 INFO: [1xunv..][epoch: 10, iter:   5,200, lr:(1.000e-04,)] [eta: 1 day, 0:15:17, time (data): 1.544 (0.139)] l_g_pix: 1.7610e-02 l_g_percep: 7.5605e-01 l_g_gan: 8.4707e-02 l_d_real: 4.6404e-01 out_d_real: 5.8709e-01 l_d_fake: 6.9774e-01 out_d_fake: -1.4933e-01 
2023-05-03 16:22:08,940 INFO: [1xunv..][epoch: 10, iter:   5,300, lr:(1.000e-04,)] [eta: 1 day, 0:28:12, time (data): 1.407 (0.002)] l_g_pix: 1.8149e-02 l_g_percep: 5.9516e-01 l_g_gan: 8.5493e-02 l_d_real: 6.9427e-01 out_d_real: 2.0728e-01 l_d_fake: 7.6828e-01 out_d_fake: -8.6584e-02 
2023-05-03 16:24:29,570 INFO: [1xunv..][epoch: 10, iter:   5,400, lr:(1.000e-04,)] [eta: 1 day, 0:40:33, time (data): 1.406 (0.002)] l_g_pix: 2.4701e-02 l_g_percep: 8.5025e-01 l_g_gan: 8.5190e-02 l_d_real: 5.4668e-01 out_d_real: 4.0432e-01 l_d_fake: 6.5624e-01 out_d_fake: -1.9572e-01 
2023-05-03 16:26:50,201 INFO: [1xunv..][epoch: 10, iter:   5,500, lr:(1.000e-04,)] [eta: 1 day, 0:52:22, time (data): 1.406 (0.002)] l_g_pix: 1.2926e-02 l_g_percep: 5.7891e-01 l_g_gan: 6.8418e-02 l_d_real: 4.0519e-01 out_d_real: 7.3391e-01 l_d_fake: 8.3529e-01 out_d_fake: 1.5109e-01 
2023-05-03 16:29:10,827 INFO: [1xunv..][epoch: 10, iter:   5,600, lr:(1.000e-04,)] [eta: 1 day, 1:03:40, time (data): 1.406 (0.002)] l_g_pix: 1.5402e-02 l_g_percep: 6.8285e-01 l_g_gan: 9.5227e-02 l_d_real: 6.7618e-01 out_d_real: 7.4960e-02 l_d_fake: 5.6182e-01 out_d_fake: -3.9047e-01 
2023-05-03 16:31:55,933 INFO: [1xunv..][epoch: 11, iter:   5,700, lr:(1.000e-04,)] [eta: 1 day, 1:21:15, time (data): 1.746 (0.341)] l_g_pix: 1.2326e-02 l_g_percep: 5.8006e-01 l_g_gan: 7.6016e-02 l_d_real: 4.9566e-01 out_d_real: 5.2500e-01 l_d_fake: 7.6300e-01 out_d_fake: 2.8748e-03 
2023-05-03 16:34:16,555 INFO: [1xunv..][epoch: 11, iter:   5,800, lr:(1.000e-04,)] [eta: 1 day, 1:31:30, time (data): 1.549 (0.144)] l_g_pix: 1.5210e-02 l_g_percep: 6.1619e-01 l_g_gan: 1.0656e-01 l_d_real: 5.4970e-01 out_d_real: 3.8525e-01 l_d_fake: 5.5913e-01 out_d_fake: -5.0647e-01 
2023-05-03 16:36:37,290 INFO: [1xunv..][epoch: 11, iter:   5,900, lr:(1.000e-04,)] [eta: 1 day, 1:41:21, time (data): 1.407 (0.002)] l_g_pix: 2.3228e-02 l_g_percep: 8.8690e-01 l_g_gan: 9.8309e-02 l_d_real: 6.8443e-01 out_d_real: 1.7259e-01 l_d_fake: 5.5500e-01 out_d_fake: -4.2809e-01 
2023-05-03 16:38:57,997 INFO: [1xunv..][epoch: 11, iter:   6,000, lr:(1.000e-04,)] [eta: 1 day, 1:50:47, time (data): 1.407 (0.002)] l_g_pix: 2.1734e-02 l_g_percep: 8.6000e-01 l_g_gan: 1.2661e-01 l_d_real: 5.4329e-01 out_d_real: 3.9916e-01 l_d_fake: 4.4353e-01 out_d_fake: -8.2248e-01 
2023-05-03 16:38:57,999 INFO: Saving models and training states.
2023-05-03 16:41:19,079 INFO: [1xunv..][epoch: 11, iter:   6,100, lr:(1.000e-04,)] [eta: 1 day, 1:59:56, time (data): 1.406 (0.002)] l_g_pix: 1.9072e-02 l_g_percep: 7.3189e-01 l_g_gan: 1.0777e-01 l_d_real: 6.2809e-01 out_d_real: 2.3903e-01 l_d_fake: 5.3833e-01 out_d_fake: -5.3942e-01 
2023-05-03 16:44:03,513 INFO: [1xunv..][epoch: 12, iter:   6,200, lr:(1.000e-04,)] [eta: 1 day, 2:14:36, time (data): 1.546 (0.141)] l_g_pix: 1.8197e-02 l_g_percep: 6.1521e-01 l_g_gan: 1.0336e-01 l_d_real: 7.1617e-01 out_d_real: 6.5940e-02 l_d_fake: 5.7881e-01 out_d_fake: -4.5468e-01 
2023-05-03 16:46:24,082 INFO: [1xunv..][epoch: 12, iter:   6,300, lr:(1.000e-04,)] [eta: 1 day, 2:22:48, time (data): 1.406 (0.002)] l_g_pix: 1.4975e-02 l_g_percep: 5.9493e-01 l_g_gan: 9.7664e-02 l_d_real: 7.1090e-01 out_d_real: 1.1556e-02 l_d_fake: 5.3661e-01 out_d_fake: -4.4002e-01 
2023-05-03 16:48:44,653 INFO: [1xunv..][epoch: 12, iter:   6,400, lr:(1.000e-04,)] [eta: 1 day, 2:30:40, time (data): 1.406 (0.002)] l_g_pix: 1.6644e-02 l_g_percep: 7.3471e-01 l_g_gan: 9.0337e-02 l_d_real: 8.4018e-01 out_d_real: -2.3110e-01 l_d_fake: 5.5003e-01 out_d_fake: -3.5345e-01 
2023-05-03 16:51:05,223 INFO: [1xunv..][epoch: 12, iter:   6,500, lr:(1.000e-04,)] [eta: 1 day, 2:38:13, time (data): 1.406 (0.002)] l_g_pix: 2.4137e-02 l_g_percep: 7.1985e-01 l_g_gan: 1.3367e-01 l_d_real: 8.6242e-01 out_d_real: -1.3462e-01 l_d_fake: 4.2569e-01 out_d_fake: -9.1041e-01 
2023-05-03 16:53:25,877 INFO: [1xunv..][epoch: 12, iter:   6,600, lr:(1.000e-04,)] [eta: 1 day, 2:45:29, time (data): 1.406 (0.002)] l_g_pix: 1.9388e-02 l_g_percep: 7.5865e-01 l_g_gan: 5.0274e-02 l_d_real: 4.0269e-01 out_d_real: 7.7958e-01 l_d_fake: 9.8948e-01 out_d_fake: 4.8641e-01 
2023-05-03 16:56:10,855 INFO: [1xunv..][epoch: 13, iter:   6,700, lr:(1.000e-04,)] [eta: 1 day, 2:58:07, time (data): 1.770 (0.365)] l_g_pix: 1.7034e-02 l_g_percep: 5.8103e-01 l_g_gan: 8.8382e-02 l_d_real: 6.3344e-01 out_d_real: 1.9794e-01 l_d_fake: 6.5643e-01 out_d_fake: -2.2739e-01 
2023-05-03 16:58:31,486 INFO: [1xunv..][epoch: 13, iter:   6,800, lr:(1.000e-04,)] [eta: 1 day, 3:04:44, time (data): 1.552 (0.148)] l_g_pix: 1.7906e-02 l_g_percep: 6.7157e-01 l_g_gan: 1.1967e-01 l_d_real: 5.8023e-01 out_d_real: 3.7890e-01 l_d_fake: 4.9675e-01 out_d_fake: -6.9979e-01 
2023-05-03 17:00:52,160 INFO: [1xunv..][epoch: 13, iter:   6,900, lr:(1.000e-04,)] [eta: 1 day, 3:11:06, time (data): 1.407 (0.002)] l_g_pix: 2.0741e-02 l_g_percep: 7.3716e-01 l_g_gan: 8.6385e-02 l_d_real: 4.9495e-01 out_d_real: 5.7681e-01 l_d_fake: 7.2998e-01 out_d_fake: -1.3386e-01 
2023-05-03 17:03:12,800 INFO: [1xunv..][epoch: 13, iter:   7,000, lr:(1.000e-04,)] [eta: 1 day, 3:17:13, time (data): 1.407 (0.002)] l_g_pix: 2.0697e-02 l_g_percep: 9.3225e-01 l_g_gan: 1.0752e-01 l_d_real: 5.9545e-01 out_d_real: 2.9876e-01 l_d_fake: 4.5462e-01 out_d_fake: -6.2052e-01 
2023-05-03 17:03:12,802 INFO: Saving models and training states.
2023-05-03 17:05:33,892 INFO: [1xunv..][epoch: 13, iter:   7,100, lr:(1.000e-04,)] [eta: 1 day, 3:23:11, time (data): 1.406 (0.002)] l_g_pix: 1.6353e-02 l_g_percep: 5.9539e-01 l_g_gan: 8.0202e-02 l_d_real: 4.7310e-01 out_d_real: 5.9115e-01 l_d_fake: 7.6515e-01 out_d_fake: -3.6853e-02 
2023-05-03 17:08:18,885 INFO: [1xunv..][epoch: 14, iter:   7,200, lr:(1.000e-04,)] [eta: 1 day, 3:34:04, time (data): 1.554 (0.149)] l_g_pix: 1.9717e-02 l_g_percep: 8.0449e-01 l_g_gan: 7.3721e-02 l_d_real: 5.6033e-01 out_d_real: 3.6999e-01 l_d_fake: 7.0766e-01 out_d_fake: -2.9891e-02 
2023-05-03 17:10:39,582 INFO: [1xunv..][epoch: 14, iter:   7,300, lr:(1.000e-04,)] [eta: 1 day, 3:39:25, time (data): 1.406 (0.002)] l_g_pix: 2.2370e-02 l_g_percep: 6.6267e-01 l_g_gan: 9.7645e-02 l_d_real: 6.0926e-01 out_d_real: 2.5135e-01 l_d_fake: 5.8415e-01 out_d_fake: -3.9229e-01 
2023-05-03 17:13:00,203 INFO: [1xunv..][epoch: 14, iter:   7,400, lr:(1.000e-04,)] [eta: 1 day, 3:44:34, time (data): 1.406 (0.002)] l_g_pix: 1.7052e-02 l_g_percep: 6.9181e-01 l_g_gan: 1.1527e-01 l_d_real: 7.2066e-01 out_d_real: 5.8539e-02 l_d_fake: 4.7093e-01 out_d_fake: -6.8173e-01 
2023-05-03 17:15:20,808 INFO: [1xunv..][epoch: 14, iter:   7,500, lr:(1.000e-04,)] [eta: 1 day, 3:49:30, time (data): 1.406 (0.002)] l_g_pix: 2.7141e-02 l_g_percep: 9.5418e-01 l_g_gan: 7.8977e-02 l_d_real: 4.6855e-01 out_d_real: 6.9562e-01 l_d_fake: 7.0259e-01 out_d_fake: -8.7265e-02 
2023-05-03 17:17:41,399 INFO: [1xunv..][epoch: 14, iter:   7,600, lr:(1.000e-04,)] [eta: 1 day, 3:54:14, time (data): 1.406 (0.002)] l_g_pix: 1.7395e-02 l_g_percep: 7.1119e-01 l_g_gan: 1.0125e-01 l_d_real: 7.2883e-01 out_d_real: 2.8827e-02 l_d_fake: 4.9675e-01 out_d_fake: -5.1571e-01 
2023-05-03 17:20:26,507 INFO: [1xunv..][epoch: 15, iter:   7,700, lr:(1.000e-04,)] [eta: 1 day, 4:03:41, time (data): 1.801 (0.396)] l_g_pix: 1.8516e-02 l_g_percep: 6.4674e-01 l_g_gan: 7.1394e-02 l_d_real: 5.6291e-01 out_d_real: 3.8701e-01 l_d_fake: 7.4269e-01 out_d_fake: 2.8704e-02 
2023-05-03 17:22:47,679 INFO: [1xunv..][epoch: 15, iter:   7,800, lr:(1.000e-04,)] [eta: 1 day, 4:08:06, time (data): 1.561 (0.153)] l_g_pix: 2.0646e-02 l_g_percep: 8.2164e-01 l_g_gan: 9.4232e-02 l_d_real: 6.5802e-01 out_d_real: 1.6829e-01 l_d_fake: 5.8616e-01 out_d_fake: -3.5613e-01 
2023-05-03 17:25:08,386 INFO: [1xunv..][epoch: 15, iter:   7,900, lr:(1.000e-04,)] [eta: 1 day, 4:12:16, time (data): 1.407 (0.002)] l_g_pix: 1.1385e-02 l_g_percep: 5.1803e-01 l_g_gan: 7.3925e-02 l_d_real: 6.2056e-01 out_d_real: 2.4117e-01 l_d_fake: 6.9227e-01 out_d_fake: -4.6998e-02 
2023-05-03 17:27:29,070 INFO: [1xunv..][epoch: 15, iter:   8,000, lr:(1.000e-04,)] [eta: 1 day, 4:16:16, time (data): 1.407 (0.002)] l_g_pix: 1.2580e-02 l_g_percep: 4.7319e-01 l_g_gan: 7.6075e-02 l_d_real: 6.7671e-01 out_d_real: 9.1686e-02 l_d_fake: 6.6980e-01 out_d_fake: -9.0960e-02 
2023-05-03 17:27:29,071 INFO: Saving models and training states.
2023-05-03 17:29:50,159 INFO: [1xunv..][epoch: 15, iter:   8,100, lr:(1.000e-04,)] [eta: 1 day, 4:20:11, time (data): 1.407 (0.002)] l_g_pix: 2.5482e-02 l_g_percep: 8.9810e-01 l_g_gan: 8.1579e-02 l_d_real: 5.7966e-01 out_d_real: 3.2258e-01 l_d_fake: 6.3813e-01 out_d_fake: -1.7768e-01 
2023-05-03 17:32:10,814 INFO: [1xunv..][epoch: 15, iter:   8,200, lr:(1.000e-04,)] [eta: 1 day, 4:23:52, time (data): 1.407 (0.002)] l_g_pix: 1.8920e-02 l_g_percep: 7.6285e-01 l_g_gan: 8.0411e-02 l_d_real: 6.2382e-01 out_d_real: 2.4745e-01 l_d_fake: 6.8300e-01 out_d_fake: -1.2113e-01 
2023-05-03 17:34:55,757 INFO: [1xunv..][epoch: 16, iter:   8,300, lr:(1.000e-04,)] [eta: 1 day, 4:31:52, time (data): 1.407 (0.002)] l_g_pix: 1.5636e-02 l_g_percep: 5.6580e-01 l_g_gan: 8.4636e-02 l_d_real: 6.8204e-01 out_d_real: 1.1526e-01 l_d_fake: 6.0102e-01 out_d_fake: -2.4534e-01 
2023-05-03 17:37:16,469 INFO: [1xunv..][epoch: 16, iter:   8,400, lr:(1.000e-04,)] [eta: 1 day, 4:35:13, time (data): 1.407 (0.002)] l_g_pix: 1.9679e-02 l_g_percep: 8.2275e-01 l_g_gan: 1.0115e-01 l_d_real: 7.7481e-01 out_d_real: -9.6647e-02 l_d_fake: 4.8036e-01 out_d_fake: -5.3110e-01 
2023-05-03 17:39:37,148 INFO: [1xunv..][epoch: 16, iter:   8,500, lr:(1.000e-04,)] [eta: 1 day, 4:38:26, time (data): 1.407 (0.002)] l_g_pix: 1.3390e-02 l_g_percep: 7.3355e-01 l_g_gan: 7.9951e-02 l_d_real: 6.3721e-01 out_d_real: 1.7209e-01 l_d_fake: 6.4285e-01 out_d_fake: -1.5669e-01 
2023-05-03 17:41:57,833 INFO: [1xunv..][epoch: 16, iter:   8,600, lr:(1.000e-04,)] [eta: 1 day, 4:41:31, time (data): 1.407 (0.002)] l_g_pix: 2.3154e-02 l_g_percep: 7.5318e-01 l_g_gan: 1.0736e-01 l_d_real: 7.6658e-01 out_d_real: -7.4092e-02 l_d_fake: 4.4524e-01 out_d_fake: -6.2833e-01 
2023-05-03 17:44:18,471 INFO: [1xunv..][epoch: 16, iter:   8,700, lr:(1.000e-04,)] [eta: 1 day, 4:44:27, time (data): 1.406 (0.002)] l_g_pix: 1.8558e-02 l_g_percep: 7.2986e-01 l_g_gan: 9.2480e-02 l_d_real: 5.8171e-01 out_d_real: 3.4208e-01 l_d_fake: 5.4995e-01 out_d_fake: -3.7483e-01 
2023-05-03 17:47:02,716 INFO: [1xunv..][epoch: 17, iter:   8,800, lr:(1.000e-04,)] [eta: 1 day, 4:51:22, time (data): 1.557 (0.152)] l_g_pix: 2.3382e-02 l_g_percep: 7.5772e-01 l_g_gan: 9.3737e-02 l_d_real: 6.6845e-01 out_d_real: 1.5819e-01 l_d_fake: 5.3350e-01 out_d_fake: -4.0388e-01 
2023-05-03 17:49:23,366 INFO: [1xunv..][epoch: 17, iter:   8,900, lr:(1.000e-04,)] [eta: 1 day, 4:54:02, time (data): 1.406 (0.002)] l_g_pix: 2.0746e-02 l_g_percep: 8.2713e-01 l_g_gan: 8.6123e-02 l_d_real: 6.4005e-01 out_d_real: 2.1104e-01 l_d_fake: 5.9401e-01 out_d_fake: -2.6723e-01 
2023-05-03 17:51:43,970 INFO: [1xunv..][epoch: 17, iter:   9,000, lr:(1.000e-04,)] [eta: 1 day, 4:56:34, time (data): 1.406 (0.002)] l_g_pix: 1.9517e-02 l_g_percep: 6.6002e-01 l_g_gan: 7.0792e-02 l_d_real: 5.4530e-01 out_d_real: 4.2035e-01 l_d_fake: 7.6096e-01 out_d_fake: 5.3025e-02 
2023-05-03 17:51:43,972 INFO: Saving models and training states.
2023-05-03 17:54:05,128 INFO: [1xunv..][epoch: 17, iter:   9,100, lr:(1.000e-04,)] [eta: 1 day, 4:59:06, time (data): 1.406 (0.002)] l_g_pix: 1.9598e-02 l_g_percep: 7.8891e-01 l_g_gan: 1.0771e-01 l_d_real: 7.1978e-01 out_d_real: 2.6280e-02 l_d_fake: 4.8086e-01 out_d_fake: -5.9633e-01 
2023-05-03 17:56:25,813 INFO: [1xunv..][epoch: 17, iter:   9,200, lr:(1.000e-04,)] [eta: 1 day, 5:01:27, time (data): 1.407 (0.002)] l_g_pix: 1.5897e-02 l_g_percep: 6.0121e-01 l_g_gan: 8.1871e-02 l_d_real: 6.4641e-01 out_d_real: 2.0012e-01 l_d_fake: 6.7638e-01 out_d_fake: -1.4241e-01 
2023-05-03 17:59:10,800 INFO: [1xunv..][epoch: 18, iter:   9,300, lr:(1.000e-04,)] [eta: 1 day, 5:07:38, time (data): 1.407 (0.002)] l_g_pix: 1.8296e-02 l_g_percep: 7.2344e-01 l_g_gan: 8.5344e-02 l_d_real: 6.0660e-01 out_d_real: 3.2469e-01 l_d_fake: 6.0853e-01 out_d_fake: -2.4494e-01 
2023-05-03 18:01:31,448 INFO: [1xunv..][epoch: 18, iter:   9,400, lr:(1.000e-04,)] [eta: 1 day, 5:09:44, time (data): 1.407 (0.002)] l_g_pix: 1.9651e-02 l_g_percep: 7.3073e-01 l_g_gan: 7.2419e-02 l_d_real: 5.4444e-01 out_d_real: 4.0955e-01 l_d_fake: 7.1807e-01 out_d_fake: -6.2095e-03 
2023-05-03 18:03:52,049 INFO: [1xunv..][epoch: 18, iter:   9,500, lr:(1.000e-04,)] [eta: 1 day, 5:11:44, time (data): 1.406 (0.002)] l_g_pix: 2.3543e-02 l_g_percep: 8.4765e-01 l_g_gan: 9.2215e-02 l_d_real: 4.9428e-01 out_d_real: 5.5969e-01 l_d_fake: 5.8439e-01 out_d_fake: -3.3777e-01 
2023-05-03 18:06:12,724 INFO: [1xunv..][epoch: 18, iter:   9,600, lr:(1.000e-04,)] [eta: 1 day, 5:13:38, time (data): 1.406 (0.002)] l_g_pix: 1.6936e-02 l_g_percep: 6.5990e-01 l_g_gan: 8.5623e-02 l_d_real: 6.8155e-01 out_d_real: 1.0540e-01 l_d_fake: 6.1063e-01 out_d_fake: -2.4558e-01 
2023-05-03 18:08:33,377 INFO: [1xunv..][epoch: 18, iter:   9,700, lr:(1.000e-04,)] [eta: 1 day, 5:15:28, time (data): 1.406 (0.002)] l_g_pix: 1.7622e-02 l_g_percep: 7.4098e-01 l_g_gan: 7.8021e-02 l_d_real: 4.9269e-01 out_d_real: 6.0834e-01 l_d_fake: 7.2376e-01 out_d_fake: -5.6461e-02 
2023-05-03 18:11:18,073 INFO: [1xunv..][epoch: 19, iter:   9,800, lr:(1.000e-04,)] [eta: 1 day, 5:20:53, time (data): 1.565 (0.159)] l_g_pix: 1.6323e-02 l_g_percep: 6.5409e-01 l_g_gan: 9.0319e-02 l_d_real: 6.9791e-01 out_d_real: 1.4127e-01 l_d_fake: 5.9664e-01 out_d_fake: -3.0651e-01 
2023-05-03 18:13:38,881 INFO: [1xunv..][epoch: 19, iter:   9,900, lr:(1.000e-04,)] [eta: 1 day, 5:22:32, time (data): 1.408 (0.002)] l_g_pix: 1.5234e-02 l_g_percep: 6.4473e-01 l_g_gan: 6.3817e-02 l_d_real: 4.4863e-01 out_d_real: 7.6341e-01 l_d_fake: 9.0177e-01 out_d_fake: 2.6354e-01 
2023-05-03 18:15:59,621 INFO: [1xunv..][epoch: 19, iter:  10,000, lr:(1.000e-04,)] [eta: 1 day, 5:24:05, time (data): 1.408 (0.002)] l_g_pix: 2.0253e-02 l_g_percep: 7.2969e-01 l_g_gan: 1.0710e-01 l_d_real: 7.3842e-01 out_d_real: 3.3168e-02 l_d_fake: 4.5620e-01 out_d_fake: -6.1463e-01 
2023-05-03 18:15:59,622 INFO: Saving models and training states.
2023-05-03 18:18:20,758 INFO: [1xunv..][epoch: 19, iter:  10,100, lr:(1.000e-04,)] [eta: 1 day, 5:25:36, time (data): 1.407 (0.002)] l_g_pix: 1.5446e-02 l_g_percep: 5.3998e-01 l_g_gan: 7.8009e-02 l_d_real: 4.4870e-01 out_d_real: 6.8774e-01 l_d_fake: 7.3821e-01 out_d_fake: -4.1878e-02 
2023-05-03 18:20:41,366 INFO: [1xunv..][epoch: 19, iter:  10,200, lr:(1.000e-04,)] [eta: 1 day, 5:26:59, time (data): 1.406 (0.002)] l_g_pix: 1.2084e-02 l_g_percep: 5.2931e-01 l_g_gan: 1.1275e-01 l_d_real: 4.3365e-01 out_d_real: 7.3937e-01 l_d_fake: 6.5902e-01 out_d_fake: -4.6841e-01 
2023-05-03 18:23:26,385 INFO: [1xunv..][epoch: 20, iter:  10,300, lr:(1.000e-04,)] [eta: 1 day, 5:31:50, time (data): 1.904 (0.496)] l_g_pix: 1.1572e-02 l_g_percep: 4.7064e-01 l_g_gan: 1.6240e-01 l_d_real: 9.4031e-01 out_d_real: -3.3272e-01 l_d_fake: 3.5518e-01 out_d_fake: -1.2677e+00 
2023-05-03 18:25:47,157 INFO: [1xunv..][epoch: 20, iter:  10,400, lr:(1.000e-04,)] [eta: 1 day, 5:33:03, time (data): 1.571 (0.165)] l_g_pix: 1.4879e-02 l_g_percep: 5.8702e-01 l_g_gan: 1.8847e-01 l_d_real: 6.4535e-01 out_d_real: 3.2887e-01 l_d_fake: 3.1209e-01 out_d_fake: -1.5719e+00 
2023-05-03 18:28:07,877 INFO: [1xunv..][epoch: 20, iter:  10,500, lr:(1.000e-04,)] [eta: 1 day, 5:34:12, time (data): 1.407 (0.002)] l_g_pix: 1.7945e-02 l_g_percep: 6.9442e-01 l_g_gan: 7.1739e-02 l_d_real: 3.4295e-01 out_d_real: 1.1075e+00 l_d_fake: 7.7709e-01 out_d_fake: 5.9652e-02 
2023-05-03 18:30:28,628 INFO: [1xunv..][epoch: 20, iter:  10,600, lr:(1.000e-04,)] [eta: 1 day, 5:35:17, time (data): 1.407 (0.002)] l_g_pix: 2.1502e-02 l_g_percep: 8.5415e-01 l_g_gan: 1.0343e-01 l_d_real: 7.2798e-01 out_d_real: 7.1844e-02 l_d_fake: 4.7264e-01 out_d_fake: -5.6169e-01 
2023-05-03 18:32:49,389 INFO: [1xunv..][epoch: 20, iter:  10,700, lr:(1.000e-04,)] [eta: 1 day, 5:36:18, time (data): 1.407 (0.002)] l_g_pix: 1.3658e-02 l_g_percep: 6.9025e-01 l_g_gan: 7.8238e-02 l_d_real: 6.5445e-01 out_d_real: 1.5156e-01 l_d_fake: 6.4772e-01 out_d_fake: -1.3467e-01 
2023-05-03 18:35:34,159 INFO: [1xunv..][epoch: 21, iter:  10,800, lr:(1.000e-04,)] [eta: 1 day, 5:40:34, time (data): 1.571 (0.165)] l_g_pix: 1.6629e-02 l_g_percep: 6.3170e-01 l_g_gan: 7.2878e-02 l_d_real: 5.4996e-01 out_d_real: 4.4488e-01 l_d_fake: 7.4851e-01 out_d_fake: 1.9655e-02 
2023-05-03 18:37:54,903 INFO: [1xunv..][epoch: 21, iter:  10,900, lr:(1.000e-04,)] [eta: 1 day, 5:41:25, time (data): 1.407 (0.002)] l_g_pix: 1.9621e-02 l_g_percep: 6.3540e-01 l_g_gan: 1.1337e-01 l_d_real: 8.6313e-01 out_d_real: -2.2652e-01 l_d_fake: 4.3999e-01 out_d_fake: -6.9340e-01 
2023-05-03 18:40:15,628 INFO: [1xunv..][epoch: 21, iter:  11,000, lr:(1.000e-04,)] [eta: 1 day, 5:42:13, time (data): 1.407 (0.002)] l_g_pix: 1.5065e-02 l_g_percep: 5.7424e-01 l_g_gan: 7.4371e-02 l_d_real: 5.6754e-01 out_d_real: 4.4044e-01 l_d_fake: 7.1916e-01 out_d_fake: -2.4582e-02 
2023-05-03 18:40:15,629 INFO: Saving models and training states.
2023-05-03 18:42:36,611 INFO: [1xunv..][epoch: 21, iter:  11,100, lr:(1.000e-04,)] [eta: 1 day, 5:43:00, time (data): 1.406 (0.002)] l_g_pix: 1.8791e-02 l_g_percep: 5.8644e-01 l_g_gan: 9.7352e-02 l_d_real: 7.3274e-01 out_d_real: 3.8625e-02 l_d_fake: 5.6964e-01 out_d_fake: -4.0384e-01 
2023-05-03 18:44:57,290 INFO: [1xunv..][epoch: 21, iter:  11,200, lr:(1.000e-04,)] [eta: 1 day, 5:43:41, time (data): 1.407 (0.002)] l_g_pix: 2.2535e-02 l_g_percep: 7.2763e-01 l_g_gan: 1.0363e-01 l_d_real: 7.3948e-01 out_d_real: 1.8204e-02 l_d_fake: 4.8684e-01 out_d_fake: -5.4944e-01 
2023-05-03 18:47:42,298 INFO: [1xunv..][epoch: 22, iter:  11,300, lr:(1.000e-04,)] [eta: 1 day, 5:47:30, time (data): 1.960 (0.553)] l_g_pix: 1.9431e-02 l_g_percep: 6.2082e-01 l_g_gan: 1.0175e-01 l_d_real: 6.0128e-01 out_d_real: 3.4566e-01 l_d_fake: 5.4540e-01 out_d_fake: -4.7193e-01 
2023-05-03 18:50:03,002 INFO: [1xunv..][epoch: 22, iter:  11,400, lr:(1.000e-04,)] [eta: 1 day, 5:48:02, time (data): 1.576 (0.171)] l_g_pix: 2.1880e-02 l_g_percep: 7.6009e-01 l_g_gan: 8.1550e-02 l_d_real: 4.5804e-01 out_d_real: 8.4804e-01 l_d_fake: 7.2943e-01 out_d_fake: -8.6026e-02 
2023-05-03 18:52:23,683 INFO: [1xunv..][epoch: 22, iter:  11,500, lr:(1.000e-04,)] [eta: 1 day, 5:48:32, time (data): 1.407 (0.002)] l_g_pix: 2.1468e-02 l_g_percep: 8.3691e-01 l_g_gan: 1.0814e-01 l_d_real: 6.7957e-01 out_d_real: 1.3432e-01 l_d_fake: 4.4616e-01 out_d_fake: -6.3527e-01 
2023-05-03 18:54:44,335 INFO: [1xunv..][epoch: 22, iter:  11,600, lr:(1.000e-04,)] [eta: 1 day, 5:48:59, time (data): 1.407 (0.002)] l_g_pix: 1.6899e-02 l_g_percep: 6.5670e-01 l_g_gan: 8.3106e-02 l_d_real: 5.5869e-01 out_d_real: 4.4361e-01 l_d_fake: 6.4800e-01 out_d_fake: -1.8310e-01 
2023-05-03 18:57:05,026 INFO: [1xunv..][epoch: 22, iter:  11,700, lr:(1.000e-04,)] [eta: 1 day, 5:49:23, time (data): 1.407 (0.002)] l_g_pix: 2.1254e-02 l_g_percep: 7.3852e-01 l_g_gan: 9.1455e-02 l_d_real: 6.9322e-01 out_d_real: 1.2198e-01 l_d_fake: 6.0959e-01 out_d_fake: -3.0496e-01 
2023-05-03 18:59:50,304 INFO: [1xunv..][epoch: 23, iter:  11,800, lr:(1.000e-04,)] [eta: 1 day, 5:52:47, time (data): 1.580 (0.175)] l_g_pix: 1.0442e-02 l_g_percep: 3.6753e-01 l_g_gan: 6.5256e-02 l_d_real: 5.3097e-01 out_d_real: 4.3747e-01 l_d_fake: 7.8961e-01 out_d_fake: 1.3692e-01 
2023-05-03 19:02:11,058 INFO: [1xunv..][epoch: 23, iter:  11,900, lr:(1.000e-04,)] [eta: 1 day, 5:53:05, time (data): 1.407 (0.002)] l_g_pix: 1.9104e-02 l_g_percep: 7.7959e-01 l_g_gan: 8.5570e-02 l_d_real: 5.7450e-01 out_d_real: 4.5196e-01 l_d_fake: 6.4442e-01 out_d_fake: -2.1129e-01 
2023-05-03 19:04:31,765 INFO: [1xunv..][epoch: 23, iter:  12,000, lr:(1.000e-04,)] [eta: 1 day, 5:53:19, time (data): 1.407 (0.002)] l_g_pix: 1.4142e-02 l_g_percep: 6.1038e-01 l_g_gan: 8.3628e-02 l_d_real: 6.0726e-01 out_d_real: 2.8466e-01 l_d_fake: 6.2460e-01 out_d_fake: -2.1169e-01 
2023-05-03 19:04:31,766 INFO: Saving models and training states.
2023-05-03 19:06:52,991 INFO: [1xunv..][epoch: 23, iter:  12,100, lr:(1.000e-04,)] [eta: 1 day, 5:53:34, time (data): 1.408 (0.002)] l_g_pix: 1.6817e-02 l_g_percep: 6.9089e-01 l_g_gan: 9.2561e-02 l_d_real: 6.4730e-01 out_d_real: 2.6222e-01 l_d_fake: 5.7120e-01 out_d_fake: -3.5458e-01 
2023-05-03 19:09:13,709 INFO: [1xunv..][epoch: 23, iter:  12,200, lr:(1.000e-04,)] [eta: 1 day, 5:53:43, time (data): 1.407 (0.002)] l_g_pix: 1.9290e-02 l_g_percep: 6.7338e-01 l_g_gan: 5.2201e-02 l_d_real: 3.2427e-01 out_d_real: 1.2712e+00 l_d_fake: 1.0613e+00 out_d_fake: 5.3900e-01 
2023-05-03 19:11:34,453 INFO: [1xunv..][epoch: 23, iter:  12,300, lr:(1.000e-04,)] [eta: 1 day, 5:53:50, time (data): 1.406 (0.002)] l_g_pix: 1.7556e-02 l_g_percep: 6.0206e-01 l_g_gan: 1.0380e-01 l_d_real: 5.7686e-01 out_d_real: 4.2500e-01 l_d_fake: 5.4340e-01 out_d_fake: -4.9445e-01 
2023-05-03 19:14:19,326 INFO: [1xunv..][epoch: 24, iter:  12,400, lr:(1.000e-04,)] [eta: 1 day, 5:56:45, time (data): 1.581 (0.175)] l_g_pix: 2.0470e-02 l_g_percep: 8.6695e-01 l_g_gan: 1.4300e-01 l_d_real: 8.6720e-01 out_d_real: -2.0958e-01 l_d_fake: 3.0257e-01 out_d_fake: -1.1273e+00 
2023-05-03 19:16:39,976 INFO: [1xunv..][epoch: 24, iter:  12,500, lr:(1.000e-04,)] [eta: 1 day, 5:56:45, time (data): 1.407 (0.002)] l_g_pix: 1.9210e-02 l_g_percep: 7.5308e-01 l_g_gan: 1.4035e-01 l_d_real: 9.0312e-01 out_d_real: -2.8082e-01 l_d_fake: 3.4030e-01 out_d_fake: -1.0630e+00 
2023-05-03 19:19:00,615 INFO: [1xunv..][epoch: 24, iter:  12,600, lr:(1.000e-04,)] [eta: 1 day, 5:56:43, time (data): 1.406 (0.002)] l_g_pix: 2.2377e-02 l_g_percep: 7.6158e-01 l_g_gan: 9.9941e-02 l_d_real: 4.1698e-01 out_d_real: 9.0297e-01 l_d_fake: 6.0826e-01 out_d_fake: -3.9092e-01 
2023-05-03 19:21:21,258 INFO: [1xunv..][epoch: 24, iter:  12,700, lr:(1.000e-04,)] [eta: 1 day, 5:56:39, time (data): 1.408 (0.002)] l_g_pix: 2.0365e-02 l_g_percep: 7.1156e-01 l_g_gan: 9.8872e-02 l_d_real: 3.5078e-01 out_d_real: 1.0743e+00 l_d_fake: 6.6513e-01 out_d_fake: -3.2334e-01 
2023-05-03 19:23:41,939 INFO: [1xunv..][epoch: 24, iter:  12,800, lr:(1.000e-04,)] [eta: 1 day, 5:56:32, time (data): 1.407 (0.002)] l_g_pix: 1.8000e-02 l_g_percep: 6.7224e-01 l_g_gan: 1.2030e-01 l_d_real: 5.0672e-01 out_d_real: 6.1336e-01 l_d_fake: 4.9955e-01 out_d_fake: -7.0325e-01 
2023-05-03 19:26:26,345 INFO: [1xunv..][epoch: 25, iter:  12,900, lr:(1.000e-04,)] [eta: 1 day, 5:59:04, time (data): 1.407 (0.002)] l_g_pix: 1.2050e-02 l_g_percep: 5.0784e-01 l_g_gan: 8.7422e-02 l_d_real: 4.7583e-01 out_d_real: 6.6705e-01 l_d_fake: 6.6269e-01 out_d_fake: -2.1155e-01 
2023-05-03 19:28:46,936 INFO: [1xunv..][epoch: 25, iter:  13,000, lr:(1.000e-04,)] [eta: 1 day, 5:58:51, time (data): 1.406 (0.002)] l_g_pix: 1.1398e-02 l_g_percep: 4.9742e-01 l_g_gan: 1.5725e-01 l_d_real: 4.7710e-01 out_d_real: 7.9020e-01 l_d_fake: 4.1869e-01 out_d_fake: -1.1535e+00 
2023-05-03 19:28:46,938 INFO: Saving models and training states.
2023-05-03 19:31:07,971 INFO: [1xunv..][epoch: 25, iter:  13,100, lr:(1.000e-04,)] [eta: 1 day, 5:58:40, time (data): 1.406 (0.002)] l_g_pix: 1.8595e-02 l_g_percep: 7.1095e-01 l_g_gan: 8.6583e-02 l_d_real: 3.4310e-01 out_d_real: 1.0713e+00 l_d_fake: 8.0085e-01 out_d_fake: -6.5082e-02 
2023-05-03 19:33:28,634 INFO: [1xunv..][epoch: 25, iter:  13,200, lr:(1.000e-04,)] [eta: 1 day, 5:58:24, time (data): 1.406 (0.002)] l_g_pix: 1.6472e-02 l_g_percep: 6.1123e-01 l_g_gan: 1.5093e-01 l_d_real: 3.8596e-01 out_d_real: 1.1805e+00 l_d_fake: 5.3132e-01 out_d_fake: -9.7765e-01 
2023-05-03 19:35:49,316 INFO: [1xunv..][epoch: 25, iter:  13,300, lr:(1.000e-04,)] [eta: 1 day, 5:58:07, time (data): 1.407 (0.002)] l_g_pix: 1.8916e-02 l_g_percep: 6.3502e-01 l_g_gan: 9.1297e-02 l_d_real: 3.0019e-01 out_d_real: 1.5534e+00 l_d_fake: 9.5891e-01 out_d_fake: 4.6082e-02 
2023-05-03 19:38:34,475 INFO: [1xunv..][epoch: 26, iter:  13,400, lr:(1.000e-04,)] [eta: 1 day, 6:00:25, time (data): 1.589 (0.184)] l_g_pix: 2.0745e-02 l_g_percep: 6.1175e-01 l_g_gan: 1.7824e-01 l_d_real: 4.5398e-01 out_d_real: 9.8437e-01 l_d_fake: 3.9902e-01 out_d_fake: -1.3830e+00 
2023-05-03 19:40:55,166 INFO: [1xunv..][epoch: 26, iter:  13,500, lr:(1.000e-04,)] [eta: 1 day, 6:00:03, time (data): 1.407 (0.002)] l_g_pix: 1.9677e-02 l_g_percep: 7.6182e-01 l_g_gan: 1.3274e-01 l_d_real: 6.6201e-01 out_d_real: 3.2467e-01 l_d_fake: 5.3365e-01 out_d_fake: -7.9300e-01 
2023-05-03 19:43:15,948 INFO: [1xunv..][epoch: 26, iter:  13,600, lr:(1.000e-04,)] [eta: 1 day, 5:59:39, time (data): 1.408 (0.002)] l_g_pix: 1.7953e-02 l_g_percep: 7.5986e-01 l_g_gan: 1.1243e-01 l_d_real: 6.1099e-01 out_d_real: 3.3012e-01 l_d_fake: 4.8615e-01 out_d_fake: -6.3814e-01 
2023-05-03 19:45:36,616 INFO: [1xunv..][epoch: 26, iter:  13,700, lr:(1.000e-04,)] [eta: 1 day, 5:59:13, time (data): 1.407 (0.002)] l_g_pix: 2.3576e-02 l_g_percep: 7.8024e-01 l_g_gan: 1.1990e-01 l_d_real: 7.0064e-01 out_d_real: 4.1779e-01 l_d_fake: 4.7768e-01 out_d_fake: -7.2114e-01 
2023-05-03 19:47:57,349 INFO: [1xunv..][epoch: 26, iter:  13,800, lr:(1.000e-04,)] [eta: 1 day, 5:58:45, time (data): 1.407 (0.002)] l_g_pix: 1.1001e-02 l_g_percep: 5.2735e-01 l_g_gan: 8.3448e-02 l_d_real: 6.5095e-01 out_d_real: 1.9928e-01 l_d_fake: 6.2305e-01 out_d_fake: -2.1148e-01 
2023-05-03 19:50:42,610 INFO: [1xunv..][epoch: 27, iter:  13,900, lr:(1.000e-04,)] [eta: 1 day, 6:00:48, time (data): 1.407 (0.002)] l_g_pix: 2.4075e-02 l_g_percep: 8.7007e-01 l_g_gan: 1.2007e-01 l_d_real: 5.4462e-01 out_d_real: 6.9282e-01 l_d_fake: 4.8403e-01 out_d_fake: -7.1657e-01 
2023-05-03 19:53:03,256 INFO: [1xunv..][epoch: 27, iter:  14,000, lr:(1.000e-04,)] [eta: 1 day, 6:00:16, time (data): 1.406 (0.002)] l_g_pix: 1.8115e-02 l_g_percep: 6.8507e-01 l_g_gan: 9.3799e-02 l_d_real: 6.6990e-01 out_d_real: 2.9796e-01 l_d_fake: 5.6385e-01 out_d_fake: -3.7414e-01 
2023-05-03 19:53:03,256 INFO: Saving models and training states.
2023-05-03 19:55:24,370 INFO: [1xunv..][epoch: 27, iter:  14,100, lr:(1.000e-04,)] [eta: 1 day, 5:59:45, time (data): 1.406 (0.002)] l_g_pix: 2.0294e-02 l_g_percep: 8.0709e-01 l_g_gan: 1.0114e-01 l_d_real: 5.0923e-01 out_d_real: 5.8676e-01 l_d_fake: 5.8382e-01 out_d_fake: -4.2742e-01 
2023-05-03 19:57:45,023 INFO: [1xunv..][epoch: 27, iter:  14,200, lr:(1.000e-04,)] [eta: 1 day, 5:59:09, time (data): 1.406 (0.002)] l_g_pix: 1.9820e-02 l_g_percep: 6.9317e-01 l_g_gan: 1.0424e-01 l_d_real: 5.6216e-01 out_d_real: 4.6173e-01 l_d_fake: 5.8492e-01 out_d_fake: -4.5739e-01 
2023-05-03 20:00:05,702 INFO: [1xunv..][epoch: 27, iter:  14,300, lr:(1.000e-04,)] [eta: 1 day, 5:58:33, time (data): 1.406 (0.002)] l_g_pix: 2.3734e-02 l_g_percep: 8.8020e-01 l_g_gan: 9.9834e-02 l_d_real: 4.7214e-01 out_d_real: 7.8912e-01 l_d_fake: 5.8647e-01 out_d_fake: -4.1188e-01 
2023-05-03 20:02:51,780 INFO: [1xunv..][epoch: 28, iter:  14,400, lr:(1.000e-04,)] [eta: 1 day, 6:00:25, time (data): 1.603 (0.199)] l_g_pix: 1.9019e-02 l_g_percep: 7.3427e-01 l_g_gan: 7.8605e-02 l_d_real: 5.0629e-01 out_d_real: 5.7789e-01 l_d_fake: 6.8218e-01 out_d_fake: -1.0402e-01 
2023-05-03 20:05:12,575 INFO: [1xunv..][epoch: 28, iter:  14,500, lr:(1.000e-04,)] [eta: 1 day, 5:59:45, time (data): 1.407 (0.002)] l_g_pix: 1.9194e-02 l_g_percep: 7.2583e-01 l_g_gan: 1.0320e-01 l_d_real: 6.4670e-01 out_d_real: 2.7718e-01 l_d_fake: 5.5379e-01 out_d_fake: -4.7818e-01 
2023-05-03 20:07:33,242 INFO: [1xunv..][epoch: 28, iter:  14,600, lr:(1.000e-04,)] [eta: 1 day, 5:59:03, time (data): 1.407 (0.002)] l_g_pix: 1.7571e-02 l_g_percep: 6.6665e-01 l_g_gan: 1.1971e-01 l_d_real: 7.2758e-01 out_d_real: 1.9258e-01 l_d_fake: 4.6912e-01 out_d_fake: -7.2783e-01 
2023-05-03 20:09:53,970 INFO: [1xunv..][epoch: 28, iter:  14,700, lr:(1.000e-04,)] [eta: 1 day, 5:58:20, time (data): 1.408 (0.002)] l_g_pix: 1.8434e-02 l_g_percep: 6.3762e-01 l_g_gan: 1.0924e-01 l_d_real: 6.0911e-01 out_d_real: 2.8522e-01 l_d_fake: 5.0911e-01 out_d_fake: -5.8331e-01 
2023-05-03 20:12:14,640 INFO: [1xunv..][epoch: 28, iter:  14,800, lr:(1.000e-04,)] [eta: 1 day, 5:57:35, time (data): 1.407 (0.002)] l_g_pix: 2.0309e-02 l_g_percep: 6.8812e-01 l_g_gan: 8.5852e-02 l_d_real: 4.5178e-01 out_d_real: 8.3487e-01 l_d_fake: 7.1225e-01 out_d_fake: -1.4626e-01 
2023-05-03 20:14:59,606 INFO: [1xunv..][epoch: 29, iter:  14,900, lr:(1.000e-04,)] [eta: 1 day, 5:59:07, time (data): 2.341 (0.930)] l_g_pix: 1.6541e-02 l_g_percep: 6.9310e-01 l_g_gan: 1.0570e-01 l_d_real: 6.9810e-01 out_d_real: 1.9475e-01 l_d_fake: 5.5784e-01 out_d_fake: -4.9923e-01 
2023-05-03 20:17:20,423 INFO: [1xunv..][epoch: 29, iter:  15,000, lr:(1.000e-04,)] [eta: 1 day, 5:58:20, time (data): 1.601 (0.194)] l_g_pix: 1.6520e-02 l_g_percep: 7.3171e-01 l_g_gan: 9.2540e-02 l_d_real: 6.0377e-01 out_d_real: 3.3480e-01 l_d_fake: 5.9039e-01 out_d_fake: -3.3515e-01 
2023-05-03 20:17:20,424 INFO: Saving models and training states.
2023-05-03 20:19:41,628 INFO: [1xunv..][epoch: 29, iter:  15,100, lr:(1.000e-04,)] [eta: 1 day, 5:57:33, time (data): 1.406 (0.002)] l_g_pix: 1.9679e-02 l_g_percep: 8.2284e-01 l_g_gan: 9.0331e-02 l_d_real: 5.1276e-01 out_d_real: 6.5394e-01 l_d_fake: 7.1065e-01 out_d_fake: -1.9268e-01 
2023-05-03 20:22:02,360 INFO: [1xunv..][epoch: 29, iter:  15,200, lr:(1.000e-04,)] [eta: 1 day, 5:56:42, time (data): 1.407 (0.002)] l_g_pix: 2.1737e-02 l_g_percep: 7.2369e-01 l_g_gan: 8.7551e-02 l_d_real: 6.3766e-01 out_d_real: 3.4963e-01 l_d_fake: 6.5504e-01 out_d_fake: -2.2049e-01 
2023-05-03 20:24:23,148 INFO: [1xunv..][epoch: 29, iter:  15,300, lr:(1.000e-04,)] [eta: 1 day, 5:55:51, time (data): 1.408 (0.002)] l_g_pix: 1.5488e-02 l_g_percep: 6.2048e-01 l_g_gan: 9.7864e-02 l_d_real: 5.9758e-01 out_d_real: 3.0938e-01 l_d_fake: 5.1993e-01 out_d_fake: -4.5872e-01 
2023-05-03 20:27:08,221 INFO: [1xunv..][epoch: 30, iter:  15,400, lr:(1.000e-04,)] [eta: 1 day, 5:57:11, time (data): 1.604 (0.199)] l_g_pix: 1.9152e-02 l_g_percep: 7.7070e-01 l_g_gan: 1.1160e-01 l_d_real: 7.9990e-01 out_d_real: -3.1774e-02 l_d_fake: 4.3371e-01 out_d_fake: -6.8265e-01 
2023-05-03 20:29:28,949 INFO: [1xunv..][epoch: 30, iter:  15,500, lr:(1.000e-04,)] [eta: 1 day, 5:56:16, time (data): 1.406 (0.002)] l_g_pix: 1.6361e-02 l_g_percep: 5.7743e-01 l_g_gan: 7.0658e-02 l_d_real: 4.8375e-01 out_d_real: 6.0947e-01 l_d_fake: 7.7366e-01 out_d_fake: 6.7047e-02 
2023-05-03 20:31:49,663 INFO: [1xunv..][epoch: 30, iter:  15,600, lr:(1.000e-04,)] [eta: 1 day, 5:55:20, time (data): 1.407 (0.002)] l_g_pix: 1.9143e-02 l_g_percep: 7.1197e-01 l_g_gan: 1.2466e-01 l_d_real: 8.2786e-01 out_d_real: -1.1675e-01 l_d_fake: 3.9356e-01 out_d_fake: -8.5306e-01 
2023-05-03 20:34:10,329 INFO: [1xunv..][epoch: 30, iter:  15,700, lr:(1.000e-04,)] [eta: 1 day, 5:54:22, time (data): 1.408 (0.003)] l_g_pix: 1.7455e-02 l_g_percep: 6.3702e-01 l_g_gan: 7.7641e-02 l_d_real: 5.2276e-01 out_d_real: 6.0978e-01 l_d_fake: 7.9813e-01 out_d_fake: 2.1715e-02 
2023-05-03 20:36:31,055 INFO: [1xunv..][epoch: 30, iter:  15,800, lr:(1.000e-04,)] [eta: 1 day, 5:53:24, time (data): 1.407 (0.002)] l_g_pix: 1.7725e-02 l_g_percep: 6.6632e-01 l_g_gan: 1.0487e-01 l_d_real: 7.9264e-01 out_d_real: -3.6416e-02 l_d_fake: 5.1258e-01 out_d_fake: -5.3624e-01 
2023-05-03 20:38:51,712 INFO: [1xunv..][epoch: 30, iter:  15,900, lr:(1.000e-04,)] [eta: 1 day, 5:52:24, time (data): 1.407 (0.002)] l_g_pix: 1.4041e-02 l_g_percep: 5.8097e-01 l_g_gan: 1.0185e-01 l_d_real: 7.5286e-01 out_d_real: 3.5612e-02 l_d_fake: 5.0565e-01 out_d_fake: -5.1304e-01 
2023-05-03 20:41:36,516 INFO: [1xunv..][epoch: 31, iter:  16,000, lr:(1.000e-04,)] [eta: 1 day, 5:53:30, time (data): 1.606 (0.200)] l_g_pix: 2.1645e-02 l_g_percep: 7.2929e-01 l_g_gan: 1.0852e-01 l_d_real: 6.1159e-01 out_d_real: 3.8172e-01 l_d_fake: 4.9124e-01 out_d_fake: -5.9405e-01 
2023-05-03 20:41:36,517 INFO: Saving models and training states.
2023-05-03 20:43:57,604 INFO: [1xunv..][epoch: 31, iter:  16,100, lr:(1.000e-04,)] [eta: 1 day, 5:52:30, time (data): 1.407 (0.002)] l_g_pix: 1.8496e-02 l_g_percep: 7.6147e-01 l_g_gan: 8.3230e-02 l_d_real: 4.9139e-01 out_d_real: 6.9230e-01 l_d_fake: 6.9964e-01 out_d_fake: -1.3268e-01 
2023-05-03 20:46:18,291 INFO: [1xunv..][epoch: 31, iter:  16,200, lr:(1.000e-04,)] [eta: 1 day, 5:51:26, time (data): 1.407 (0.002)] l_g_pix: 2.2298e-02 l_g_percep: 8.7226e-01 l_g_gan: 1.1197e-01 l_d_real: 6.3644e-01 out_d_real: 2.5104e-01 l_d_fake: 4.7609e-01 out_d_fake: -6.4355e-01 
2023-05-03 20:48:39,055 INFO: [1xunv..][epoch: 31, iter:  16,300, lr:(1.000e-04,)] [eta: 1 day, 5:50:22, time (data): 1.408 (0.002)] l_g_pix: 2.2938e-02 l_g_percep: 8.0964e-01 l_g_gan: 1.0205e-01 l_d_real: 4.8051e-01 out_d_real: 8.3328e-01 l_d_fake: 6.0811e-01 out_d_fake: -4.1244e-01 
2023-05-03 20:50:59,788 INFO: [1xunv..][epoch: 31, iter:  16,400, lr:(1.000e-04,)] [eta: 1 day, 5:49:17, time (data): 1.407 (0.002)] l_g_pix: 1.5424e-02 l_g_percep: 5.3345e-01 l_g_gan: 1.3495e-01 l_d_real: 8.7543e-01 out_d_real: -7.8524e-03 l_d_fake: 4.5094e-01 out_d_fake: -8.9850e-01 
2023-05-03 20:53:44,886 INFO: [1xunv..][epoch: 32, iter:  16,500, lr:(1.000e-04,)] [eta: 1 day, 5:50:14, time (data): 1.408 (0.002)] l_g_pix: 1.5669e-02 l_g_percep: 6.5461e-01 l_g_gan: 9.0698e-02 l_d_real: 4.0987e-01 out_d_real: 9.1052e-01 l_d_fake: 6.4145e-01 out_d_fake: -2.6550e-01 
2023-05-03 20:56:05,792 INFO: [1xunv..][epoch: 32, iter:  16,600, lr:(1.000e-04,)] [eta: 1 day, 5:49:07, time (data): 1.409 (0.003)] l_g_pix: 2.5121e-02 l_g_percep: 8.0742e-01 l_g_gan: 1.0404e-01 l_d_real: 4.6286e-01 out_d_real: 9.4516e-01 l_d_fake: 5.7851e-01 out_d_fake: -4.6224e-01 
2023-05-03 20:58:26,530 INFO: [1xunv..][epoch: 32, iter:  16,700, lr:(1.000e-04,)] [eta: 1 day, 5:47:58, time (data): 1.405 (0.001)] l_g_pix: 1.8758e-02 l_g_percep: 8.1369e-01 l_g_gan: 8.8976e-02 l_d_real: 5.0316e-01 out_d_real: 5.6004e-01 l_d_fake: 5.8364e-01 out_d_fake: -3.0622e-01 
2023-05-03 21:00:47,172 INFO: [1xunv..][epoch: 32, iter:  16,800, lr:(1.000e-04,)] [eta: 1 day, 5:46:48, time (data): 1.406 (0.002)] l_g_pix: 2.0933e-02 l_g_percep: 7.9413e-01 l_g_gan: 1.0523e-01 l_d_real: 4.4242e-01 out_d_real: 8.3940e-01 l_d_fake: 5.7888e-01 out_d_fake: -4.7347e-01 
2023-05-03 21:03:07,874 INFO: [1xunv..][epoch: 32, iter:  16,900, lr:(1.000e-04,)] [eta: 1 day, 5:45:37, time (data): 1.408 (0.001)] l_g_pix: 1.7985e-02 l_g_percep: 6.8012e-01 l_g_gan: 1.2262e-01 l_d_real: 5.6861e-01 out_d_real: 4.7488e-01 l_d_fake: 4.6086e-01 out_d_fake: -7.6530e-01 
2023-05-03 21:04:57,493 INFO: [1xunv..][epoch: 33, iter:  17,000, lr:(1.000e-04,)] [eta: 1 day, 5:41:54, time (data): 1.139 (0.333)] l_g_pix: 1.6529e-02 l_g_percep: 6.6872e-01 l_g_gan: 8.6087e-02 l_d_real: 5.7969e-01 out_d_real: 4.5920e-01 l_d_fake: 6.7400e-01 out_d_fake: -1.8713e-01 
2023-05-03 21:04:57,493 INFO: Saving models and training states.
2023-05-03 21:05:40,589 INFO: [1xunv..][epoch: 33, iter:  17,100, lr:(1.000e-04,)] [eta: 1 day, 5:32:50, time (data): 0.430 (0.000)] l_g_pix: 1.9732e-02 l_g_percep: 6.6047e-01 l_g_gan: 6.7316e-02 l_d_real: 3.0871e-01 out_d_real: 1.3186e+00 l_d_fake: 8.7100e-01 out_d_fake: 1.9767e-01 
2023-05-03 21:06:25,056 INFO: [1xunv..][epoch: 33, iter:  17,200, lr:(1.000e-04,)] [eta: 1 day, 5:23:58, time (data): 0.443 (0.000)] l_g_pix: 2.6403e-02 l_g_percep: 7.8083e-01 l_g_gan: 8.5790e-02 l_d_real: 3.4589e-01 out_d_real: 1.1214e+00 l_d_fake: 7.7578e-01 out_d_fake: -8.2176e-02 
2023-05-03 21:07:10,696 INFO: [1xunv..][epoch: 33, iter:  17,300, lr:(1.000e-04,)] [eta: 1 day, 5:15:17, time (data): 0.459 (0.000)] l_g_pix: 2.2998e-02 l_g_percep: 9.0162e-01 l_g_gan: 1.1509e-01 l_d_real: 4.6054e-01 out_d_real: 7.7355e-01 l_d_fake: 4.7799e-01 out_d_fake: -6.7307e-01 
2023-05-03 21:07:56,811 INFO: [1xunv..][epoch: 33, iter:  17,400, lr:(1.000e-04,)] [eta: 1 day, 5:06:44, time (data): 0.461 (0.001)] l_g_pix: 2.3391e-02 l_g_percep: 8.2360e-01 l_g_gan: 1.2529e-01 l_d_real: 6.3211e-01 out_d_real: 3.3682e-01 l_d_fake: 4.6657e-01 out_d_fake: -7.8634e-01 
2023-05-03 21:08:50,084 INFO: [1xunv..][epoch: 34, iter:  17,500, lr:(1.000e-04,)] [eta: 1 day, 4:58:50, time (data): 0.457 (0.000)] l_g_pix: 2.5089e-02 l_g_percep: 8.0757e-01 l_g_gan: 1.2596e-01 l_d_real: 6.5079e-01 out_d_real: 2.9728e-01 l_d_fake: 4.3121e-01 out_d_fake: -8.2837e-01 
2023-05-03 21:09:36,313 INFO: [1xunv..][epoch: 34, iter:  17,600, lr:(1.000e-04,)] [eta: 1 day, 4:50:28, time (data): 0.462 (0.001)] l_g_pix: 1.2625e-02 l_g_percep: 6.0124e-01 l_g_gan: 1.2454e-01 l_d_real: 6.8847e-01 out_d_real: 1.5503e-01 l_d_fake: 4.0509e-01 out_d_fake: -8.4034e-01 
2023-05-03 21:10:22,693 INFO: [1xunv..][epoch: 34, iter:  17,700, lr:(1.000e-04,)] [eta: 1 day, 4:42:12, time (data): 0.465 (0.003)] l_g_pix: 1.1419e-02 l_g_percep: 6.4573e-01 l_g_gan: 8.6881e-02 l_d_real: 4.9055e-01 out_d_real: 6.9261e-01 l_d_fake: 6.7431e-01 out_d_fake: -1.9494e-01 
2023-05-03 21:11:09,073 INFO: [1xunv..][epoch: 34, iter:  17,800, lr:(1.000e-04,)] [eta: 1 day, 4:34:01, time (data): 0.464 (0.001)] l_g_pix: 1.0899e-02 l_g_percep: 5.3010e-01 l_g_gan: 1.1322e-01 l_d_real: 7.1516e-01 out_d_real: 7.1705e-02 l_d_fake: 4.4271e-01 out_d_fake: -6.8967e-01 
2023-05-03 21:11:55,424 INFO: [1xunv..][epoch: 34, iter:  17,900, lr:(1.000e-04,)] [eta: 1 day, 4:25:55, time (data): 0.463 (0.000)] l_g_pix: 1.7856e-02 l_g_percep: 8.0963e-01 l_g_gan: 1.1721e-01 l_d_real: 5.6355e-01 out_d_real: 4.6724e-01 l_d_fake: 4.4932e-01 out_d_fake: -7.2271e-01 
2023-05-03 21:12:49,461 INFO: [1xunv..][epoch: 35, iter:  18,000, lr:(1.000e-04,)] [eta: 1 day, 4:18:28, time (data): 0.533 (0.071)] l_g_pix: 2.4127e-02 l_g_percep: 8.7372e-01 l_g_gan: 1.1924e-01 l_d_real: 4.9415e-01 out_d_real: 7.2541e-01 l_d_fake: 4.9975e-01 out_d_fake: -6.9248e-01 
2023-05-03 21:12:49,461 INFO: Saving models and training states.
2023-05-03 21:13:36,109 INFO: [1xunv..][epoch: 35, iter:  18,100, lr:(1.000e-04,)] [eta: 1 day, 4:10:33, time (data): 0.465 (0.000)] l_g_pix: 2.2792e-02 l_g_percep: 8.2951e-01 l_g_gan: 1.2514e-01 l_d_real: 5.2606e-01 out_d_real: 6.2321e-01 l_d_fake: 4.3975e-01 out_d_fake: -8.1168e-01 
2023-05-03 21:14:22,583 INFO: [1xunv..][epoch: 35, iter:  18,200, lr:(1.000e-04,)] [eta: 1 day, 4:02:41, time (data): 0.464 (0.001)] l_g_pix: 1.5633e-02 l_g_percep: 5.1840e-01 l_g_gan: 1.3435e-01 l_d_real: 7.8100e-01 out_d_real: 1.3330e-02 l_d_fake: 3.9311e-01 out_d_fake: -9.5018e-01 
2023-05-03 21:15:09,008 INFO: [1xunv..][epoch: 35, iter:  18,300, lr:(1.000e-04,)] [eta: 1 day, 3:54:54, time (data): 0.465 (0.000)] l_g_pix: 1.6236e-02 l_g_percep: 6.4094e-01 l_g_gan: 8.1508e-02 l_d_real: 5.2378e-01 out_d_real: 6.7288e-01 l_d_fake: 7.6658e-01 out_d_fake: -4.8770e-02 
2023-05-03 21:15:55,466 INFO: [1xunv..][epoch: 35, iter:  18,400, lr:(1.000e-04,)] [eta: 1 day, 3:47:11, time (data): 0.465 (0.000)] l_g_pix: 2.7230e-02 l_g_percep: 9.3333e-01 l_g_gan: 1.0668e-01 l_d_real: 4.2086e-01 out_d_real: 1.1176e+00 l_d_fake: 6.6669e-01 out_d_fake: -4.0013e-01 
2023-05-03 21:16:49,431 INFO: [1xunv..][epoch: 36, iter:  18,500, lr:(1.000e-04,)] [eta: 1 day, 3:40:07, time (data): 0.466 (0.000)] l_g_pix: 1.8190e-02 l_g_percep: 7.3298e-01 l_g_gan: 1.2468e-01 l_d_real: 6.1610e-01 out_d_real: 3.3467e-01 l_d_fake: 4.3704e-01 out_d_fake: -8.0963e-01 
2023-05-03 21:17:35,933 INFO: [1xunv..][epoch: 36, iter:  18,600, lr:(1.000e-04,)] [eta: 1 day, 3:32:33, time (data): 0.465 (0.001)] l_g_pix: 2.0520e-02 l_g_percep: 7.7803e-01 l_g_gan: 9.3587e-02 l_d_real: 3.9750e-01 out_d_real: 9.8573e-01 l_d_fake: 6.2400e-01 out_d_fake: -3.1192e-01 
2023-05-03 21:18:22,506 INFO: [1xunv..][epoch: 36, iter:  18,700, lr:(1.000e-04,)] [eta: 1 day, 3:25:04, time (data): 0.465 (0.000)] l_g_pix: 1.7652e-02 l_g_percep: 6.3639e-01 l_g_gan: 8.7794e-02 l_d_real: 4.9074e-01 out_d_real: 5.7246e-01 l_d_fake: 6.2687e-01 out_d_fake: -2.5132e-01 
2023-05-03 21:19:13,080 INFO: [1xunv..][epoch: 36, iter:  18,800, lr:(1.000e-04,)] [eta: 1 day, 3:17:57, time (data): 0.503 (0.000)] l_g_pix: 1.7361e-02 l_g_percep: 7.3567e-01 l_g_gan: 8.9684e-02 l_d_real: 2.7216e-01 out_d_real: 1.6759e+00 l_d_fake: 7.5350e-01 out_d_fake: -1.4353e-01 
2023-05-03 21:21:34,435 INFO: [1xunv..][epoch: 36, iter:  18,900, lr:(1.000e-04,)] [eta: 1 day, 3:17:23, time (data): 1.406 (0.003)] l_g_pix: 1.7632e-02 l_g_percep: 6.7139e-01 l_g_gan: 9.2523e-02 l_d_real: 4.5491e-01 out_d_real: 8.3219e-01 l_d_fake: 6.7675e-01 out_d_fake: -2.4856e-01 
2023-05-03 21:24:20,542 INFO: [1xunv..][epoch: 37, iter:  19,000, lr:(1.000e-04,)] [eta: 1 day, 3:18:33, time (data): 1.647 (0.237)] l_g_pix: 1.7717e-02 l_g_percep: 7.7353e-01 l_g_gan: 1.0677e-01 l_d_real: 6.6527e-01 out_d_real: 2.4754e-01 l_d_fake: 5.0868e-01 out_d_fake: -5.5929e-01 
2023-05-03 21:24:20,542 INFO: Saving models and training states.
2023-05-03 21:26:42,157 INFO: [1xunv..][epoch: 37, iter:  19,100, lr:(1.000e-04,)] [eta: 1 day, 3:17:58, time (data): 1.410 (0.003)] l_g_pix: 2.1876e-02 l_g_percep: 8.5908e-01 l_g_gan: 1.3700e-01 l_d_real: 6.2888e-01 out_d_real: 4.0716e-01 l_d_fake: 4.2178e-01 out_d_fake: -9.4807e-01 
